<?xml version="1.0" encoding="UTF-8"?>
<!-- Generated by org.testng.reporters.JUnitXMLReporter -->
<testsuite ignored="0" hostname="bhagyak" failures="0" tests="3" name="Add Customer" time="2.572" errors="0" timestamp="2024-12-10T10:03:01 IST">
  <testcase classname="testcases.addCustomerTest" name="addCustomer" time="1.059"/>
  <testcase classname="testcases.addCustomerTest" name="addCustomer" time="0.701"/>
  <testcase classname="testcases.addCustomerTest" name="addCustomer" time="0.771"/>
</testsuite> <!-- Add Customer -->
