<?xml version="1.0" encoding="UTF-8"?>
<!-- Generated by org.testng.reporters.JUnitXMLReporter -->
<testsuite ignored="0" hostname="bhagyak" failures="0" tests="3" name="Add Account" time="1.785" errors="0" timestamp="2024-12-10T10:03:03 IST">
  <testcase classname="testcases.OpenAccount" name="openAccountTest" time="0.904"/>
  <testcase classname="testcases.OpenAccount" name="openAccountTest" time="0.442"/>
  <testcase classname="testcases.OpenAccount" name="openAccountTest" time="0.425"/>
</testsuite> <!-- Add Account -->
