<?xml version="1.0" encoding="UTF-8"?>
<!-- Generated by org.testng.reporters.JUnitXMLReporter -->
<testsuite ignored="0" hostname="bhagyak" failures="0" tests="5" name="Facebook Login" time="43.112" errors="0" timestamp="2024-12-06T10:28:19 IST">
  <testcase classname="testcases.FBLogin" name="doLogin" time="2.542"/>
  <testcase classname="testcases.FBLogin" name="doLogin" time="0.857"/>
  <testcase classname="testcases.FBLogin" name="doLogin" time="0.84"/>
  <testcase classname="testcases.FBLogin" name="doLogin" time="0.847"/>
  <testcase classname="testcases.FBLogin" name="doLogin" time="0.888"/>
</testsuite> <!-- Facebook Login -->
