<?xml version="1.0" encoding="UTF-8"?>
<!-- Generated by org.testng.reporters.JUnitXMLReporter -->
<testsuite ignored="0" hostname="bhagyak" failures="0" tests="3" name="Facebook User Reg" time="21.908" errors="0" timestamp="2024-12-06T10:28:41 IST">
  <testcase classname="testcases.FBUserReg" name="doUserReg" time="0.005"/>
  <testcase classname="testcases.FBUserReg" name="doUserReg" time="0.002"/>
  <testcase classname="testcases.FBUserReg" name="doUserReg" time="0.002"/>
</testsuite> <!-- Facebook User Reg -->
