<?xml version="1.0" encoding="UTF-8"?>
<testng-results ignored="0" total="7" passed="7" failed="0" skipped="0">
  <reporter-output>
  </reporter-output>
  <suite started-at="2024-12-10T10:02:57 IST" name="TestNG Suite1" finished-at="2024-12-10T10:03:03 IST" duration-ms="5830">
    <groups>
    </groups>
    <test started-at="2024-12-10T10:02:57 IST" name="Bank Login" finished-at="2024-12-10T10:02:58 IST" duration-ms="1057">
      <class name="testcases.HomeTest">
        <test-method signature="BankManagerTest()[pri:0, instance:testcases.HomeTest@9635fa]" started-at="2024-12-10T10:02:57 IST" name="BankManagerTest" finished-at="2024-12-10T10:02:58 IST" duration-ms="1024" status="PASS">
          <reporter-output>
          </reporter-output>
        </test-method> <!-- BankManagerTest -->
      </class> <!-- testcases.HomeTest -->
    </test> <!-- Bank Login -->
    <test started-at="2024-12-10T10:02:59 IST" name="Add Customer" finished-at="2024-12-10T10:03:01 IST" duration-ms="2572">
      <class name="testcases.addCustomerTest">
        <test-method signature="addCustomer(java.lang.String,java.lang.String,java.lang.String)[pri:0, instance:testcases.addCustomerTest@362a019c]" started-at="2024-12-10T10:02:59 IST" name="addCustomer" data-provider="data" finished-at="2024-12-10T10:03:00 IST" duration-ms="1059" status="PASS">
          <params>
            <param index="0">
              <value>
                <![CDATA[rahul]]>
              </value>
            </param>
            <param index="1">
              <value>
                <![CDATA[arr]]>
              </value>
            </param>
            <param index="2">
              <value>
                <![CDATA[345678.0]]>
              </value>
            </param>
          </params>
          <reporter-output>
          </reporter-output>
        </test-method> <!-- addCustomer -->
        <test-method signature="addCustomer(java.lang.String,java.lang.String,java.lang.String)[pri:0, instance:testcases.addCustomerTest@362a019c]" started-at="2024-12-10T10:03:00 IST" name="addCustomer" data-provider="data" finished-at="2024-12-10T10:03:01 IST" duration-ms="701" status="PASS">
          <params>
            <param index="0">
              <value>
                <![CDATA[rahul1]]>
              </value>
            </param>
            <param index="1">
              <value>
                <![CDATA[arr1]]>
              </value>
            </param>
            <param index="2">
              <value>
                <![CDATA[23343.0]]>
              </value>
            </param>
          </params>
          <reporter-output>
          </reporter-output>
        </test-method> <!-- addCustomer -->
        <test-method signature="addCustomer(java.lang.String,java.lang.String,java.lang.String)[pri:0, instance:testcases.addCustomerTest@362a019c]" started-at="2024-12-10T10:03:01 IST" name="addCustomer" data-provider="data" finished-at="2024-12-10T10:03:01 IST" duration-ms="771" status="PASS">
          <params>
            <param index="0">
              <value>
                <![CDATA[selenium]]>
              </value>
            </param>
            <param index="1">
              <value>
                <![CDATA[java]]>
              </value>
            </param>
            <param index="2">
              <value>
                <![CDATA[586538.0]]>
              </value>
            </param>
          </params>
          <reporter-output>
          </reporter-output>
        </test-method> <!-- addCustomer -->
      </class> <!-- testcases.addCustomerTest -->
    </test> <!-- Add Customer -->
    <test started-at="2024-12-10T10:03:01 IST" name="Add Account" finished-at="2024-12-10T10:03:03 IST" duration-ms="1785">
      <class name="testcases.OpenAccount">
        <test-method is-config="true" signature="setUp()[pri:0, instance:testcases.OpenAccount@674c583e]" started-at="2024-12-10T10:02:54 IST" name="setUp" finished-at="2024-12-10T10:02:57 IST" duration-ms="3127" status="PASS">
          <reporter-output>
          </reporter-output>
        </test-method> <!-- setUp -->
        <test-method signature="openAccountTest(java.lang.String,java.lang.String,java.lang.String)[pri:0, instance:testcases.OpenAccount@674c583e]" started-at="2024-12-10T10:03:01 IST" name="openAccountTest" data-provider="data" finished-at="2024-12-10T10:03:02 IST" duration-ms="904" status="PASS">
          <params>
            <param index="0">
              <value>
                <![CDATA[rahul]]>
              </value>
            </param>
            <param index="1">
              <value>
                <![CDATA[arr]]>
              </value>
            </param>
            <param index="2">
              <value>
                <![CDATA[Pound]]>
              </value>
            </param>
          </params>
          <reporter-output>
          </reporter-output>
        </test-method> <!-- openAccountTest -->
        <test-method signature="openAccountTest(java.lang.String,java.lang.String,java.lang.String)[pri:0, instance:testcases.OpenAccount@674c583e]" started-at="2024-12-10T10:03:02 IST" name="openAccountTest" data-provider="data" finished-at="2024-12-10T10:03:03 IST" duration-ms="442" status="PASS">
          <params>
            <param index="0">
              <value>
                <![CDATA[rahul1]]>
              </value>
            </param>
            <param index="1">
              <value>
                <![CDATA[arr1]]>
              </value>
            </param>
            <param index="2">
              <value>
                <![CDATA[Dollar]]>
              </value>
            </param>
          </params>
          <reporter-output>
          </reporter-output>
        </test-method> <!-- openAccountTest -->
        <test-method signature="openAccountTest(java.lang.String,java.lang.String,java.lang.String)[pri:0, instance:testcases.OpenAccount@674c583e]" started-at="2024-12-10T10:03:03 IST" name="openAccountTest" data-provider="data" finished-at="2024-12-10T10:03:03 IST" duration-ms="425" status="PASS">
          <params>
            <param index="0">
              <value>
                <![CDATA[selenium]]>
              </value>
            </param>
            <param index="1">
              <value>
                <![CDATA[java]]>
              </value>
            </param>
            <param index="2">
              <value>
                <![CDATA[Rupee]]>
              </value>
            </param>
          </params>
          <reporter-output>
          </reporter-output>
        </test-method> <!-- openAccountTest -->
        <test-method is-config="true" signature="tearDown()[pri:0, instance:testcases.OpenAccount@674c583e]" started-at="2024-12-10T10:03:03 IST" name="tearDown" finished-at="2024-12-10T10:03:03 IST" duration-ms="152" status="PASS">
          <reporter-output>
          </reporter-output>
        </test-method> <!-- tearDown -->
      </class> <!-- testcases.OpenAccount -->
    </test> <!-- Add Account -->
  </suite> <!-- TestNG Suite1 -->
</testng-results>
